<?xml version="1.0" encoding="UTF-8"?>
<!-- Generated by org.testng.reporters.JUnitXMLReporter -->
<testsuite ignored="0" hostname="LAPTOP-EBKF2VK0" failures="1" tests="4" name="chromeTest" time="42.434" errors="0" timestamp="2023-06-26T20:41:48 IST">
  <testcase classname="executePageClasses.ExecuteWorkersPageClass" name="verifyToCreateANewWorker" time="4.302">
    <skipped/>
  </testcase> <!-- verifyToCreateANewWorker -->
  <testcase classname="executePageClasses.ExecuteWorkersPageClass" name="verifyToCreateANewWorker" time="4.086">
    <failure type="java.io.FileNotFoundException" message="C:\Users\abhir\eclipse-workspace\com.superstoreProject\src\test\resources\Excel.xlsx (The system cannot find the path specified)">
      <![CDATA[java.io.FileNotFoundException: C:\Users\abhir\eclipse-workspace\com.superstoreProject\src\test\resources\Excel.xlsx (The system cannot find the path specified)
at java.base/java.io.FileInputStream.open0(Native Method)
at java.base/java.io.FileInputStream.open(FileInputStream.java:216)
at java.base/java.io.FileInputStream.<init>(FileInputStream.java:157)
at java.base/java.io.FileInputStream.<init>(FileInputStream.java:111)
at utility.ExcelRead.readStringData(ExcelRead.java:20)
at elementRepository.WorkersPageClass.readFirstName(WorkersPageClass.java:221)
at executePageClasses.ExecuteWorkersPageClass.verifyToCreateANewWorker(ExecuteWorkersPageClass.java:45)
at java.base/java.util.ArrayList.forEach(ArrayList.java:1511)
... Removed 27 stack frames]]>
    </failure>
  </testcase> <!-- verifyToCreateANewWorker -->
  <testcase classname="executePageClasses.ExecuteWorkersPageClass" name="verifyToSearchAWorker" time="7.73"/>
  <testcase classname="executePageClasses.ExecuteWorkersPageClass" name="verifyDeleteAWorker" time="3.492"/>
</testsuite> <!-- chromeTest -->
