<?xml version="1.0" encoding="UTF-8"?>
<!-- Generated by org.testng.reporters.JUnitXMLReporter -->
<testsuite ignored="0" hostname="LAPTOP-EBKF2VK0" failures="1" tests="5" name="Test" time="0.172" errors="0" timestamp="2023-07-12T12:56:58 IST">
  <testcase classname="executePageClasses.BaseClass" name="@AfterMethod afterMethod" time="0.007">
    <failure type="java.lang.NullPointerException">
      <![CDATA[java.lang.NullPointerException
at utility.ScreenShot.takeScreenShot(ScreenShot.java:20)
at executePageClasses.BaseClass.afterMethod(BaseClass.java:77)
at java.base/java.util.ArrayList.forEach(ArrayList.java:1541)
... Removed 32 stack frames]]>
    </failure>
  </testcase> <!-- @AfterMethod afterMethod -->
  <testcase classname="executePageClasses.BaseClass" name="@AfterMethod afterMethod" time="0.0">
    <skipped/>
  </testcase> <!-- @AfterMethod afterMethod -->
  <testcase classname="executePageClasses.BaseClass" name="@AfterMethod afterMethod" time="0.0">
    <skipped/>
  </testcase> <!-- @AfterMethod afterMethod -->
  <testcase classname="executePageClasses.BaseClass" name="@AfterMethod afterMethod" time="0.0">
    <skipped/>
  </testcase> <!-- @AfterMethod afterMethod -->
  <testcase classname="executePageClasses.BaseClass" name="@AfterMethod afterMethod" time="0.0">
    <skipped/>
  </testcase> <!-- @AfterMethod afterMethod -->
  <testcase classname="executePageClasses.ExecuteLoginPageClass" name="verifySuccessfullLogin" time="0.047">
    <failure type="java.lang.NullPointerException">
      <![CDATA[java.lang.NullPointerException
at org.openqa.selenium.support.pagefactory.DefaultElementLocator.findElement(DefaultElementLocator.java:70)
at org.openqa.selenium.support.pagefactory.internal.LocatingElementHandler.invoke(LocatingElementHandler.java:39)
at com.sun.proxy.$Proxy16.sendKeys(Unknown Source)
at utility.GeneralUtilities.typeElement(GeneralUtilities.java:29)
at elementRepository.LoginPageClass.login(LoginPageClass.java:51)
at executePageClasses.ExecuteLoginPageClass.verifySuccessfullLogin(ExecuteLoginPageClass.java:32)
at java.base/java.util.ArrayList.forEach(ArrayList.java:1541)
... Removed 27 stack frames]]>
    </failure>
  </testcase> <!-- verifySuccessfullLogin -->
  <testcase classname="executePageClasses.ExecuteLoginPageClass" name="verifyTheCurrentPageIsOpenWhileHittingTheUrl" time="0.0">
    <skipped/>
  </testcase> <!-- verifyTheCurrentPageIsOpenWhileHittingTheUrl -->
  <testcase classname="executePageClasses.ExecuteLoginPageClass" name="verifyUnSuccessfullLogin" time="0.0">
    <skipped/>
  </testcase> <!-- verifyUnSuccessfullLogin -->
  <testcase classname="executePageClasses.ExecuteLoginPageClass" name="verifyUnSuccessfullLogin" time="0.0">
    <skipped/>
  </testcase> <!-- verifyUnSuccessfullLogin -->
  <testcase classname="executePageClasses.ExecuteLoginPageClass" name="verifyUnSuccessfullLogin" time="0.0">
    <skipped/>
  </testcase> <!-- verifyUnSuccessfullLogin -->
</testsuite> <!-- Test -->
