<?xml version="1.0" encoding="UTF-8"?>
<testng-results ignored="0" total="2" passed="2" failed="0" skipped="0">
  <reporter-output>
  </reporter-output>
  <suite started-at="2023-07-06T00:40:50 IST" name="Suite" finished-at="2023-07-06T00:41:15 IST" duration-ms="24679">
    <groups>
    </groups>
    <test started-at="2023-07-06T00:40:50 IST" name="chromeTest" finished-at="2023-07-06T00:41:03 IST" duration-ms="13003">
      <class name="executePageClasses.ExecuteTimeSheetPageClass">
        <test-method is-config="true" signature="beforeMethod(java.lang.String)[pri:0, instance:executePageClasses.ExecuteTimeSheetPageClass@3e30646a]" started-at="2023-07-06T00:40:50 IST" name="beforeMethod" finished-at="2023-07-06T00:40:58 IST" duration-ms="7893" status="PASS">
          <params>
            <param index="0">
              <value>
                <![CDATA[chrome]]>
              </value>
            </param>
          </params>
          <reporter-output>
          </reporter-output>
        </test-method> <!-- beforeMethod -->
        <test-method signature="verifyCreateNewTimeSheet()[pri:0, instance:executePageClasses.ExecuteTimeSheetPageClass@3e30646a]" started-at="2023-07-06T00:40:58 IST" name="verifyCreateNewTimeSheet" finished-at="2023-07-06T00:41:03 IST" duration-ms="5062" status="PASS">
          <reporter-output>
          </reporter-output>
        </test-method> <!-- verifyCreateNewTimeSheet -->
        <test-method is-config="true" signature="afterMethod(org.testng.ITestResult)[pri:0, instance:executePageClasses.ExecuteTimeSheetPageClass@3e30646a]" started-at="2023-07-06T00:41:03 IST" name="afterMethod" finished-at="2023-07-06T00:41:03 IST" duration-ms="1" status="PASS">
          <params>
            <param index="0">
              <value>
                <![CDATA[[TestResult name=verifyCreateNewTimeSheet status=SUCCESS method=ExecuteTimeSheetPageClass.verifyCreateNewTimeSheet()[pri:0, instance:executePageClasses.ExecuteTimeSheetPageClass@3e30646a] output={null}]]]>
              </value>
            </param>
          </params>
          <reporter-output>
          </reporter-output>
        </test-method> <!-- afterMethod -->
      </class> <!-- executePageClasses.ExecuteTimeSheetPageClass -->
    </test> <!-- chromeTest -->
    <test started-at="2023-07-06T00:41:04 IST" name="edgeTest" finished-at="2023-07-06T00:41:15 IST" duration-ms="11156">
      <class name="executePageClasses.ExecuteTimeSheetPageClass">
        <test-method is-config="true" signature="createReport(org.testng.ITestContext)[pri:0, instance:executePageClasses.ExecuteTimeSheetPageClass@1ecee32c]" started-at="2023-07-06T00:40:50 IST" name="createReport" finished-at="2023-07-06T00:40:50 IST" duration-ms="27" status="PASS">
          <params>
            <param index="0">
              <value>
                <![CDATA[org.testng.TestRunner@4e4162bc]]>
              </value>
            </param>
          </params>
          <reporter-output>
          </reporter-output>
        </test-method> <!-- createReport -->
        <test-method is-config="true" signature="beforeMethod(java.lang.String)[pri:0, instance:executePageClasses.ExecuteTimeSheetPageClass@1ecee32c]" started-at="2023-07-06T00:41:04 IST" name="beforeMethod" finished-at="2023-07-06T00:41:10 IST" duration-ms="6556" status="PASS">
          <params>
            <param index="0">
              <value>
                <![CDATA[edge]]>
              </value>
            </param>
          </params>
          <reporter-output>
          </reporter-output>
        </test-method> <!-- beforeMethod -->
        <test-method signature="verifyCreateNewTimeSheet()[pri:0, instance:executePageClasses.ExecuteTimeSheetPageClass@1ecee32c]" started-at="2023-07-06T00:41:10 IST" name="verifyCreateNewTimeSheet" finished-at="2023-07-06T00:41:15 IST" duration-ms="4594" status="PASS">
          <reporter-output>
          </reporter-output>
        </test-method> <!-- verifyCreateNewTimeSheet -->
        <test-method is-config="true" signature="afterMethod(org.testng.ITestResult)[pri:0, instance:executePageClasses.ExecuteTimeSheetPageClass@1ecee32c]" started-at="2023-07-06T00:41:15 IST" name="afterMethod" finished-at="2023-07-06T00:41:15 IST" duration-ms="0" status="PASS">
          <params>
            <param index="0">
              <value>
                <![CDATA[[TestResult name=verifyCreateNewTimeSheet status=SUCCESS method=ExecuteTimeSheetPageClass.verifyCreateNewTimeSheet()[pri:0, instance:executePageClasses.ExecuteTimeSheetPageClass@1ecee32c] output={null}]]]>
              </value>
            </param>
          </params>
          <reporter-output>
          </reporter-output>
        </test-method> <!-- afterMethod -->
      </class> <!-- executePageClasses.ExecuteTimeSheetPageClass -->
    </test> <!-- edgeTest -->
  </suite> <!-- Suite -->
</testng-results>
