<?xml version="1.0" encoding="UTF-8"?>
<testng-results retried="1" ignored="1" total="5" passed="2" failed="1" skipped="0">
  <reporter-output>
  </reporter-output>
  <suite started-at="2023-06-26T20:41:05 IST" name="Suite" finished-at="2023-06-26T20:41:47 IST" duration-ms="42434">
    <groups>
      <group name="group1">
        <method signature="ExecuteWorkersPageClass.verifyToCreateANewWorker()[pri:0, instance:executePageClasses.ExecuteWorkersPageClass@63798ca7]" name="verifyToCreateANewWorker" class="executePageClasses.ExecuteWorkersPageClass"/>
        <method signature="ExecuteWorkersPageClass.verifyToSearchAWorker()[pri:1, instance:executePageClasses.ExecuteWorkersPageClass@63798ca7]" name="verifyToSearchAWorker" class="executePageClasses.ExecuteWorkersPageClass"/>
        <method signature="ExecuteWorkersPageClass.verifyDeleteAWorker()[pri:2, instance:executePageClasses.ExecuteWorkersPageClass@63798ca7]" name="verifyDeleteAWorker" class="executePageClasses.ExecuteWorkersPageClass"/>
      </group> <!-- group1 -->
    </groups>
    <test started-at="2023-06-26T20:41:05 IST" name="chromeTest" finished-at="2023-06-26T20:41:47 IST" duration-ms="42434">
      <class name="executePageClasses.ExecuteWorkersPageClass">
        <test-method is-config="true" signature="createReport(org.testng.ITestContext)[pri:0, instance:executePageClasses.ExecuteWorkersPageClass@63798ca7]" started-at="2023-06-26T20:41:05 IST" name="createReport" finished-at="2023-06-26T20:41:05 IST" duration-ms="24" status="PASS">
          <params>
            <param index="0">
              <value>
                <![CDATA[org.testng.TestRunner@9785903]]>
              </value>
            </param>
          </params>
          <reporter-output>
          </reporter-output>
        </test-method> <!-- createReport -->
        <test-method is-config="true" signature="beforeMethod(java.lang.String)[pri:0, instance:executePageClasses.ExecuteWorkersPageClass@63798ca7]" started-at="2023-06-26T20:41:05 IST" name="beforeMethod" finished-at="2023-06-26T20:41:11 IST" duration-ms="5722" status="PASS">
          <params>
            <param index="0">
              <value>
                <![CDATA[chrome]]>
              </value>
            </param>
          </params>
          <reporter-output>
          </reporter-output>
        </test-method> <!-- beforeMethod -->
        <test-method retried="true" signature="verifyToCreateANewWorker()[pri:0, instance:executePageClasses.ExecuteWorkersPageClass@63798ca7]" started-at="2023-06-26T20:41:11 IST" name="verifyToCreateANewWorker" finished-at="2023-06-26T20:41:15 IST" duration-ms="4302" status="SKIP">
          <exception class="java.io.FileNotFoundException">
            <message>
              <![CDATA[C:\Users\abhir\eclipse-workspace\com.superstoreProject\src\test\resources\Excel.xlsx (The system cannot find the path specified)]]>
            </message>
            <full-stacktrace>
              <![CDATA[java.io.FileNotFoundException: C:\Users\abhir\eclipse-workspace\com.superstoreProject\src\test\resources\Excel.xlsx (The system cannot find the path specified)
at java.base/java.io.FileInputStream.open0(Native Method)
at java.base/java.io.FileInputStream.open(FileInputStream.java:216)
at java.base/java.io.FileInputStream.<init>(FileInputStream.java:157)
at java.base/java.io.FileInputStream.<init>(FileInputStream.java:111)
at utility.ExcelRead.readStringData(ExcelRead.java:20)
at elementRepository.WorkersPageClass.readFirstName(WorkersPageClass.java:221)
at executePageClasses.ExecuteWorkersPageClass.verifyToCreateANewWorker(ExecuteWorkersPageClass.java:45)
at java.base/jdk.internal.reflect.NativeMethodAccessorImpl.invoke0(Native Method)
at java.base/jdk.internal.reflect.NativeMethodAccessorImpl.invoke(NativeMethodAccessorImpl.java:77)
at java.base/jdk.internal.reflect.DelegatingMethodAccessorImpl.invoke(DelegatingMethodAccessorImpl.java:43)
at java.base/java.lang.reflect.Method.invoke(Method.java:568)
at org.testng.internal.invokers.MethodInvocationHelper.invokeMethod(MethodInvocationHelper.java:139)
at org.testng.internal.invokers.TestInvoker.invokeMethod(TestInvoker.java:664)
at org.testng.internal.invokers.TestInvoker.invokeTestMethod(TestInvoker.java:227)
at org.testng.internal.invokers.MethodRunner.runInSequence(MethodRunner.java:50)
at org.testng.internal.invokers.TestInvoker$MethodInvocationAgent.invoke(TestInvoker.java:957)
at org.testng.internal.invokers.TestInvoker.invokeTestMethods(TestInvoker.java:200)
at org.testng.internal.invokers.TestMethodWorker.invokeTestMethods(TestMethodWorker.java:148)
at org.testng.internal.invokers.TestMethodWorker.run(TestMethodWorker.java:128)
at java.base/java.util.ArrayList.forEach(ArrayList.java:1511)
at org.testng.TestRunner.privateRun(TestRunner.java:848)
at org.testng.TestRunner.run(TestRunner.java:621)
at org.testng.SuiteRunner.runTest(SuiteRunner.java:443)
at org.testng.SuiteRunner.runSequentially(SuiteRunner.java:437)
at org.testng.SuiteRunner.privateRun(SuiteRunner.java:397)
at org.testng.SuiteRunner.run(SuiteRunner.java:336)
at org.testng.SuiteRunnerWorker.runSuite(SuiteRunnerWorker.java:52)
at org.testng.SuiteRunnerWorker.run(SuiteRunnerWorker.java:95)
at org.testng.TestNG.runSuitesSequentially(TestNG.java:1280)
at org.testng.TestNG.runSuitesLocally(TestNG.java:1200)
at org.testng.TestNG.runSuites(TestNG.java:1114)
at org.testng.TestNG.run(TestNG.java:1082)
at org.testng.remote.AbstractRemoteTestNG.run(AbstractRemoteTestNG.java:115)
at org.testng.remote.RemoteTestNG.initAndRun(RemoteTestNG.java:251)
at org.testng.remote.RemoteTestNG.main(RemoteTestNG.java:77)
]]>
            </full-stacktrace>
          </exception> <!-- java.io.FileNotFoundException -->
          <reporter-output>
          </reporter-output>
        </test-method> <!-- verifyToCreateANewWorker -->
        <test-method is-config="true" signature="afterMethod(org.testng.ITestResult)[pri:0, instance:executePageClasses.ExecuteWorkersPageClass@63798ca7]" started-at="2023-06-26T20:41:15 IST" name="afterMethod" finished-at="2023-06-26T20:41:15 IST" duration-ms="0" status="PASS">
          <params>
            <param index="0">
              <value>
                <![CDATA[[TestResult name=verifyToCreateANewWorker status=SKIP method=ExecuteWorkersPageClass.verifyToCreateANewWorker()[pri:0, instance:executePageClasses.ExecuteWorkersPageClass@63798ca7] output={null}]]]>
              </value>
            </param>
          </params>
          <reporter-output>
          </reporter-output>
        </test-method> <!-- afterMethod -->
        <test-method is-config="true" signature="beforeMethod(java.lang.String)[pri:0, instance:executePageClasses.ExecuteWorkersPageClass@63798ca7]" started-at="2023-06-26T20:41:15 IST" name="beforeMethod" finished-at="2023-06-26T20:41:18 IST" duration-ms="3396" status="PASS">
          <params>
            <param index="0">
              <value>
                <![CDATA[chrome]]>
              </value>
            </param>
          </params>
          <reporter-output>
          </reporter-output>
        </test-method> <!-- beforeMethod -->
        <test-method signature="verifyToCreateANewWorker()[pri:0, instance:executePageClasses.ExecuteWorkersPageClass@63798ca7]" started-at="2023-06-26T20:41:18 IST" name="verifyToCreateANewWorker" finished-at="2023-06-26T20:41:22 IST" duration-ms="4086" status="FAIL">
          <exception class="java.io.FileNotFoundException">
            <message>
              <![CDATA[C:\Users\abhir\eclipse-workspace\com.superstoreProject\src\test\resources\Excel.xlsx (The system cannot find the path specified)]]>
            </message>
            <full-stacktrace>
              <![CDATA[java.io.FileNotFoundException: C:\Users\abhir\eclipse-workspace\com.superstoreProject\src\test\resources\Excel.xlsx (The system cannot find the path specified)
at java.base/java.io.FileInputStream.open0(Native Method)
at java.base/java.io.FileInputStream.open(FileInputStream.java:216)
at java.base/java.io.FileInputStream.<init>(FileInputStream.java:157)
at java.base/java.io.FileInputStream.<init>(FileInputStream.java:111)
at utility.ExcelRead.readStringData(ExcelRead.java:20)
at elementRepository.WorkersPageClass.readFirstName(WorkersPageClass.java:221)
at executePageClasses.ExecuteWorkersPageClass.verifyToCreateANewWorker(ExecuteWorkersPageClass.java:45)
at java.base/jdk.internal.reflect.NativeMethodAccessorImpl.invoke0(Native Method)
at java.base/jdk.internal.reflect.NativeMethodAccessorImpl.invoke(NativeMethodAccessorImpl.java:77)
at java.base/jdk.internal.reflect.DelegatingMethodAccessorImpl.invoke(DelegatingMethodAccessorImpl.java:43)
at java.base/java.lang.reflect.Method.invoke(Method.java:568)
at org.testng.internal.invokers.MethodInvocationHelper.invokeMethod(MethodInvocationHelper.java:139)
at org.testng.internal.invokers.TestInvoker.invokeMethod(TestInvoker.java:664)
at org.testng.internal.invokers.TestInvoker.retryFailed(TestInvoker.java:248)
at org.testng.internal.invokers.MethodRunner.runInSequence(MethodRunner.java:62)
at org.testng.internal.invokers.TestInvoker$MethodInvocationAgent.invoke(TestInvoker.java:957)
at org.testng.internal.invokers.TestInvoker.invokeTestMethods(TestInvoker.java:200)
at org.testng.internal.invokers.TestMethodWorker.invokeTestMethods(TestMethodWorker.java:148)
at org.testng.internal.invokers.TestMethodWorker.run(TestMethodWorker.java:128)
at java.base/java.util.ArrayList.forEach(ArrayList.java:1511)
at org.testng.TestRunner.privateRun(TestRunner.java:848)
at org.testng.TestRunner.run(TestRunner.java:621)
at org.testng.SuiteRunner.runTest(SuiteRunner.java:443)
at org.testng.SuiteRunner.runSequentially(SuiteRunner.java:437)
at org.testng.SuiteRunner.privateRun(SuiteRunner.java:397)
at org.testng.SuiteRunner.run(SuiteRunner.java:336)
at org.testng.SuiteRunnerWorker.runSuite(SuiteRunnerWorker.java:52)
at org.testng.SuiteRunnerWorker.run(SuiteRunnerWorker.java:95)
at org.testng.TestNG.runSuitesSequentially(TestNG.java:1280)
at org.testng.TestNG.runSuitesLocally(TestNG.java:1200)
at org.testng.TestNG.runSuites(TestNG.java:1114)
at org.testng.TestNG.run(TestNG.java:1082)
at org.testng.remote.AbstractRemoteTestNG.run(AbstractRemoteTestNG.java:115)
at org.testng.remote.RemoteTestNG.initAndRun(RemoteTestNG.java:251)
at org.testng.remote.RemoteTestNG.main(RemoteTestNG.java:77)
]]>
            </full-stacktrace>
          </exception> <!-- java.io.FileNotFoundException -->
          <reporter-output>
          </reporter-output>
        </test-method> <!-- verifyToCreateANewWorker -->
        <test-method is-config="true" signature="afterMethod(org.testng.ITestResult)[pri:0, instance:executePageClasses.ExecuteWorkersPageClass@63798ca7]" started-at="2023-06-26T20:41:22 IST" name="afterMethod" finished-at="2023-06-26T20:41:23 IST" duration-ms="424" status="PASS">
          <params>
            <param index="0">
              <value>
                <![CDATA[[TestResult name=verifyToCreateANewWorker status=FAILURE method=ExecuteWorkersPageClass.verifyToCreateANewWorker()[pri:0, instance:executePageClasses.ExecuteWorkersPageClass@63798ca7] output={null}]]]>
              </value>
            </param>
          </params>
          <reporter-output>
          </reporter-output>
        </test-method> <!-- afterMethod -->
        <test-method is-config="true" signature="beforeMethod(java.lang.String)[pri:0, instance:executePageClasses.ExecuteWorkersPageClass@63798ca7]" started-at="2023-06-26T20:41:23 IST" name="beforeMethod" finished-at="2023-06-26T20:41:26 IST" duration-ms="3461" status="PASS">
          <params>
            <param index="0">
              <value>
                <![CDATA[chrome]]>
              </value>
            </param>
          </params>
          <reporter-output>
          </reporter-output>
        </test-method> <!-- beforeMethod -->
        <test-method signature="verifyToSearchAWorker()[pri:1, instance:executePageClasses.ExecuteWorkersPageClass@63798ca7]" started-at="2023-06-26T20:41:26 IST" name="verifyToSearchAWorker" finished-at="2023-06-26T20:41:34 IST" duration-ms="7730" status="PASS">
          <reporter-output>
          </reporter-output>
        </test-method> <!-- verifyToSearchAWorker -->
        <test-method is-config="true" signature="beforeMethod(java.lang.String)[pri:0, instance:executePageClasses.ExecuteWorkersPageClass@63798ca7]" started-at="2023-06-26T20:41:34 IST" name="beforeMethod" finished-at="2023-06-26T20:41:44 IST" duration-ms="9740" status="PASS">
          <params>
            <param index="0">
              <value>
                <![CDATA[chrome]]>
              </value>
            </param>
          </params>
          <reporter-output>
          </reporter-output>
        </test-method> <!-- beforeMethod -->
        <test-method is-config="true" signature="afterMethod(org.testng.ITestResult)[pri:0, instance:executePageClasses.ExecuteWorkersPageClass@63798ca7]" started-at="2023-06-26T20:41:34 IST" name="afterMethod" finished-at="2023-06-26T20:41:34 IST" duration-ms="0" status="PASS">
          <params>
            <param index="0">
              <value>
                <![CDATA[[TestResult name=verifyToSearchAWorker status=SUCCESS method=ExecuteWorkersPageClass.verifyToSearchAWorker()[pri:1, instance:executePageClasses.ExecuteWorkersPageClass@63798ca7] output={null}]]]>
              </value>
            </param>
          </params>
          <reporter-output>
          </reporter-output>
        </test-method> <!-- afterMethod -->
        <test-method signature="verifyDeleteAWorker()[pri:2, instance:executePageClasses.ExecuteWorkersPageClass@63798ca7]" started-at="2023-06-26T20:41:44 IST" name="verifyDeleteAWorker" finished-at="2023-06-26T20:41:47 IST" duration-ms="3492" status="PASS">
          <reporter-output>
          </reporter-output>
        </test-method> <!-- verifyDeleteAWorker -->
        <test-method is-config="true" signature="afterMethod(org.testng.ITestResult)[pri:0, instance:executePageClasses.ExecuteWorkersPageClass@63798ca7]" started-at="2023-06-26T20:41:47 IST" name="afterMethod" finished-at="2023-06-26T20:41:47 IST" duration-ms="0" status="PASS">
          <params>
            <param index="0">
              <value>
                <![CDATA[[TestResult name=verifyDeleteAWorker status=SUCCESS method=ExecuteWorkersPageClass.verifyDeleteAWorker()[pri:2, instance:executePageClasses.ExecuteWorkersPageClass@63798ca7] output={null}]]]>
              </value>
            </param>
          </params>
          <reporter-output>
          </reporter-output>
        </test-method> <!-- afterMethod -->
      </class> <!-- executePageClasses.ExecuteWorkersPageClass -->
    </test> <!-- chromeTest -->
  </suite> <!-- Suite -->
</testng-results>
