<?xml version="1.0" encoding="UTF-8"?>
<testng-results ignored="0" total="1" passed="1" failed="0" skipped="0">
  <reporter-output>
  </reporter-output>
  <suite started-at="2023-07-10T19:45:06 IST" name="Suite" finished-at="2023-07-10T19:45:20 IST" duration-ms="13927">
    <groups>
    </groups>
    <test started-at="2023-07-10T19:45:06 IST" name="chromeTest" finished-at="2023-07-10T19:45:20 IST" duration-ms="13445">
      <class name="executePageClasses.ExecuteDeductionPageClass">
        <test-method is-config="true" signature="beforeMethod(java.lang.String)[pri:0, instance:executePageClasses.ExecuteDeductionPageClass@5cde6747]" started-at="2023-07-10T19:45:06 IST" name="beforeMethod" finished-at="2023-07-10T19:45:14 IST" duration-ms="7143" status="PASS">
          <params>
            <param index="0">
              <value>
                <![CDATA[chrome]]>
              </value>
            </param>
          </params>
          <reporter-output>
          </reporter-output>
        </test-method> <!-- beforeMethod -->
        <test-method signature="verifyToAddANewDeduction()[pri:0, instance:executePageClasses.ExecuteDeductionPageClass@5cde6747]" started-at="2023-07-10T19:45:14 IST" name="verifyToAddANewDeduction" finished-at="2023-07-10T19:45:20 IST" duration-ms="6251" status="PASS">
          <reporter-output>
          </reporter-output>
        </test-method> <!-- verifyToAddANewDeduction -->
        <test-method is-config="true" signature="afterMethod(org.testng.ITestResult)[pri:0, instance:executePageClasses.ExecuteDeductionPageClass@5cde6747]" started-at="2023-07-10T19:45:20 IST" name="afterMethod" finished-at="2023-07-10T19:45:20 IST" duration-ms="0" status="PASS">
          <params>
            <param index="0">
              <value>
                <![CDATA[[TestResult name=verifyToAddANewDeduction status=SUCCESS method=ExecuteDeductionPageClass.verifyToAddANewDeduction()[pri:0, instance:executePageClasses.ExecuteDeductionPageClass@5cde6747] output={null}]]]>
              </value>
            </param>
          </params>
          <reporter-output>
          </reporter-output>
        </test-method> <!-- afterMethod -->
      </class> <!-- executePageClasses.ExecuteDeductionPageClass -->
    </test> <!-- chromeTest -->
    <test started-at="2023-07-10T19:45:20 IST" name="edgeTest" finished-at="2023-07-10T19:45:20 IST" duration-ms="4">
      <class name="executePageClasses.ExecuteDeductionPageClass">
        <test-method is-config="true" signature="createReport(org.testng.ITestContext)[pri:0, instance:executePageClasses.ExecuteDeductionPageClass@5cde6747]" started-at="2023-07-10T19:45:06 IST" name="createReport" finished-at="2023-07-10T19:45:06 IST" duration-ms="26" status="PASS">
          <params>
            <param index="0">
              <value>
                <![CDATA[org.testng.TestRunner@5b35c7d]]>
              </value>
            </param>
          </params>
          <reporter-output>
          </reporter-output>
        </test-method> <!-- createReport -->
      </class> <!-- executePageClasses.ExecuteDeductionPageClass -->
    </test> <!-- edgeTest -->
  </suite> <!-- Suite -->
</testng-results>
